<?xml version="1.0" encoding="UTF-8"?>
<!-- Generated by org.testng.reporters.JUnitReportReporter -->
<testsuite hostname="Bharath" name="firstJenkinsProject.TestJenkins" tests="1" failures="0" timestamp="21 Oct 2016 10:06:29 GMT" time="9.360" errors="0">
  <testcase name="JenkinsJob" time="9.360" classname="firstJenkinsProject.TestJenkins"/>
</testsuite> <!-- firstJenkinsProject.TestJenkins -->
