<?xml version="1.0" encoding="UTF-8"?>
<!-- Generated by org.testng.reporters.JUnitReportReporter -->
<testsuite hostname="Bharath" name="com.hybrid.framework.testcases.GmailLogin" tests="1" failures="0" timestamp="7 Jan 2017 10:12:48 GMT" time="30.685" errors="0">
  <testcase name="doLogin" time="30.685" classname="com.hybrid.framework.testcases.GmailLogin"/>
</testsuite> <!-- com.hybrid.framework.testcases.GmailLogin -->
