<?xml version="1.0" encoding="UTF-8"?>
<!-- Generated by org.testng.reporters.JUnitReportReporter -->
<testsuite hostname="Bharath" name="com.mobileinvest.tests.IndexWatch" tests="1" failures="0" timestamp="21 Oct 2016 16:26:18 GMT" time="93.159" errors="0">
  <testcase name="IndexTest" time="93.159" classname="com.mobileinvest.tests.IndexWatch"/>
</testsuite> <!-- com.mobileinvest.tests.IndexWatch -->
