<?xml version="1.0" encoding="UTF-8"?>
<!-- Generated by org.testng.reporters.JUnitReportReporter -->
<testsuite hostname="Bharath" name="com.maven.firstProject.TestMavenProject" tests="1" failures="0" timestamp="21 Oct 2016 06:42:00 GMT" time="15.209" errors="0">
  <testcase name="testHello" time="15.209" classname="com.maven.firstProject.TestMavenProject"/>
</testsuite> <!-- com.maven.firstProject.TestMavenProject -->
